{"/Users/alyssabutler/Documents/ZLab/zeppelin-element-library-vue/src/lib-components/Table/zeltable.vue": {"path":"/Users/alyssabutler/Documents/ZLab/zeppelin-element-library-vue/src/lib-components/Table/zeltable.vue","statementMap":{"0":{"start":{"line":17,"column":0},"end":{"line":17,"column":null}},"1":{"start":{"line":18,"column":0},"end":{"line":18,"column":null}},"2":{"start":{"line":19,"column":0},"end":{"line":19,"column":null}}},"fnMap":{},"branchMap":{},"s":{"0":10,"1":10,"2":10},"f":{},"b":{}}
}
