{"/Users/EsselA/ZeppelinWork/zeppelin-element-library-vue/src/lib-components/index.js": {"path":"/Users/EsselA/ZeppelinWork/zeppelin-element-library-vue/src/lib-components/index.js","statementMap":{},"fnMap":{},"branchMap":{},"s":{},"f":{},"b":{},"_coverageSchema":"43e27e138ebf9cfc5966b082cf9a028302ed4184","hash":"dbb30d908ca25cc69602e4e16fef7f7c63ac24fa"}
,"/Users/EsselA/ZeppelinWork/zeppelin-element-library-vue/src/lib-components/zelselect.vue": {"path":"/Users/EsselA/ZeppelinWork/zeppelin-element-library-vue/src/lib-components/zelselect.vue","statementMap":{"0":{"start":{"line":82,"column":0},"end":{"line":82,"column":null}},"1":{"start":{"line":88,"column":0},"end":{"line":88,"column":null}},"2":{"start":{"line":89,"column":0},"end":{"line":89,"column":null}},"3":{"start":{"line":92,"column":0},"end":{"line":96,"column":null}},"4":{"start":{"line":93,"column":0},"end":{"line":93,"column":null}},"5":{"start":{"line":95,"column":0},"end":{"line":95,"column":null}}},"fnMap":{"0":{"name":"data","decl":{"start":{"line":81,"column":0},"end":{"line":81,"column":null}},"loc":{"start":{"line":81,"column":0},"end":{"line":85,"column":null}}},"1":{"name":"setSelectedValue","decl":{"start":{"line":87,"column":0},"end":{"line":87,"column":null}},"loc":{"start":{"line":87,"column":0},"end":{"line":90,"column":null}}},"2":{"name":"getItem","decl":{"start":{"line":91,"column":0},"end":{"line":91,"column":null}},"loc":{"start":{"line":91,"column":0},"end":{"line":97,"column":null}}}},"branchMap":{"0":{"loc":{"start":{"line":92,"column":0},"end":{"line":96,"column":null}},"type":"if","locations":[{"start":{"line":92,"column":0},"end":{"line":96,"column":null}},{"start":{"line":92,"column":0},"end":{"line":96,"column":null}}]}},"s":{"0":3,"1":1,"2":1,"3":0,"4":0,"5":0},"f":{"0":3,"1":1,"2":0},"b":{"0":[0,0]}}
,"/Users/EsselA/ZeppelinWork/zeppelin-element-library-vue/src/lib-components/Table/zeltable.vue": {"path":"/Users/EsselA/ZeppelinWork/zeppelin-element-library-vue/src/lib-components/Table/zeltable.vue","statementMap":{"0":{"start":{"line":17,"column":0},"end":{"line":17,"column":null}},"1":{"start":{"line":18,"column":0},"end":{"line":18,"column":null}},"2":{"start":{"line":19,"column":0},"end":{"line":19,"column":null}}},"fnMap":{},"branchMap":{},"s":{"0":10,"1":10,"2":10},"f":{},"b":{}}
}
